TN:
SF:controllers\blogController.js
FN:6,(anonymous_0)
FN:16,(anonymous_1)
FN:24,(anonymous_2)
FN:33,(anonymous_3)
FN:43,(anonymous_4)
FNF:5
FNH:5
FNDA:1,(anonymous_0)
FNDA:1,(anonymous_1)
FNDA:1,(anonymous_2)
FNDA:1,(anonymous_3)
FNDA:1,(anonymous_4)
DA:1,1
DA:2,1
DA:3,1
DA:4,1
DA:6,1
DA:7,1
DA:13,1
DA:16,1
DA:17,1
DA:21,1
DA:24,1
DA:25,1
DA:30,1
DA:33,1
DA:34,1
DA:40,1
DA:43,1
DA:44,1
DA:46,1
DA:47,0
DA:50,1
LF:21
LH:20
BRDA:46,0,0,0
BRDA:46,0,1,1
BRF:2
BRH:1
end_of_record
TN:
SF:controllers\userController.js
FN:6,(anonymous_0)
FN:14,(anonymous_1)
FN:24,(anonymous_2)
FN:33,(anonymous_3)
FNF:4
FNH:4
FNDA:1,(anonymous_0)
FNDA:1,(anonymous_1)
FNDA:1,(anonymous_2)
FNDA:1,(anonymous_3)
DA:1,1
DA:2,1
DA:3,1
DA:4,1
DA:6,1
DA:7,1
DA:11,1
DA:14,1
DA:15,1
DA:21,1
DA:24,1
DA:25,1
DA:30,1
DA:33,1
DA:34,1
DA:35,1
LF:16
LH:16
BRF:0
BRH:0
end_of_record
TN:
SF:dbconfig\config.js
FNF:0
FNH:0
DA:1,6
DA:2,6
DA:4,6
DA:5,6
DA:6,6
DA:7,6
DA:9,6
DA:15,6
LF:8
LH:8
BRF:0
BRH:0
end_of_record
TN:
SF:middlewares\contentNegotiation.js
FN:5,(anonymous_0)
FN:9,(anonymous_1)
FN:15,(anonymous_2)
FN:19,(anonymous_3)
FN:23,(anonymous_4)
FN:26,(anonymous_5)
FN:29,(anonymous_6)
FN:32,(anonymous_7)
FN:35,(anonymous_8)
FN:38,(anonymous_9)
FNF:10
FNH:0
FNDA:0,(anonymous_0)
FNDA:0,(anonymous_1)
FNDA:0,(anonymous_2)
FNDA:0,(anonymous_3)
FNDA:0,(anonymous_4)
FNDA:0,(anonymous_5)
FNDA:0,(anonymous_6)
FNDA:0,(anonymous_7)
FNDA:0,(anonymous_8)
FNDA:0,(anonymous_9)
DA:1,2
DA:2,2
DA:3,2
DA:5,2
DA:6,0
DA:9,2
DA:10,0
DA:11,0
DA:12,0
DA:15,2
DA:16,0
DA:19,2
DA:20,0
DA:23,2
DA:24,0
DA:25,0
DA:27,0
DA:30,0
DA:33,0
DA:36,0
DA:39,0
DA:44,2
LF:22
LH:9
BRDA:24,0,0,0
BRDA:24,0,1,0
BRF:2
BRH:0
end_of_record
TN:
SF:models\blogModel.js
FNF:0
FNH:0
DA:1,2
DA:2,2
DA:4,2
DA:35,2
LF:4
LH:4
BRF:0
BRH:0
end_of_record
TN:
SF:models\userModel.js
FNF:0
FNH:0
DA:1,4
DA:2,4
DA:4,4
DA:79,4
LF:4
LH:4
BRF:0
BRH:0
end_of_record
TN:
SF:services\blogServices.js
FN:3,(anonymous_0)
FN:14,(anonymous_1)
FN:19,(anonymous_2)
FN:27,(anonymous_3)
FN:33,(anonymous_4)
FNF:5
FNH:5
FNDA:1,(anonymous_0)
FNDA:1,(anonymous_1)
FNDA:1,(anonymous_2)
FNDA:1,(anonymous_3)
FNDA:1,(anonymous_4)
DA:1,2
DA:3,2
DA:4,1
DA:10,1
DA:11,1
DA:14,2
DA:15,1
DA:16,1
DA:19,2
DA:20,1
DA:21,1
DA:24,1
DA:27,2
DA:28,1
DA:29,1
DA:30,1
DA:33,2
DA:34,1
DA:35,1
DA:36,1
DA:39,2
LF:21
LH:21
BRF:0
BRH:0
end_of_record
TN:
SF:services\signinService.js
FN:5,(anonymous_0)
FNF:1
FNH:1
FNDA:2,(anonymous_0)
DA:1,1
DA:2,1
DA:3,1
DA:5,1
DA:6,2
DA:8,2
DA:9,1
DA:12,1
DA:18,1
DA:19,1
DA:21,1
DA:23,1
DA:33,1
DA:36,1
LF:14
LH:14
BRDA:8,0,0,1
BRDA:8,0,1,1
BRDA:8,1,0,2
BRDA:8,1,1,1
BRDA:18,2,0,0
BRDA:18,2,1,1
BRDA:21,3,0,0
BRDA:21,3,1,1
BRF:8
BRH:6
end_of_record
TN:
SF:services\signupService.js
FN:5,(anonymous_0)
FNF:1
FNH:1
FNDA:1,(anonymous_0)
DA:1,1
DA:2,1
DA:3,1
DA:5,1
DA:6,1
DA:8,1
DA:16,1
DA:18,1
DA:29,1
DA:32,1
LF:10
LH:10
BRF:0
BRH:0
end_of_record
TN:
SF:services\userServices.js
FN:3,(anonymous_0)
FN:8,(anonymous_1)
FN:16,(anonymous_2)
FN:22,(anonymous_3)
FNF:4
FNH:4
FNDA:1,(anonymous_0)
FNDA:1,(anonymous_1)
FNDA:1,(anonymous_2)
FNDA:1,(anonymous_3)
DA:1,2
DA:3,2
DA:4,1
DA:5,1
DA:8,2
DA:9,1
DA:10,1
DA:13,1
DA:16,2
DA:17,1
DA:18,1
DA:19,1
DA:22,2
DA:23,1
DA:24,1
DA:25,1
DA:28,2
LF:17
LH:17
BRF:0
BRH:0
end_of_record
TN:
SF:utilities\AppError.js
FN:2,(anonymous_0)
FNF:1
FNH:0
FNDA:0,(anonymous_0)
DA:3,0
DA:5,0
DA:6,0
DA:7,0
DA:9,0
DA:13,2
LF:6
LH:1
BRDA:6,0,0,0
BRDA:6,0,1,0
BRF:2
BRH:0
end_of_record
TN:
SF:utilities\catchAsync.js
FN:1,(anonymous_0)
FN:1,(anonymous_1)
FNF:2
FNH:2
FNDA:9,(anonymous_0)
FNDA:9,(anonymous_1)
DA:1,9
DA:2,9
DA:3,9
DA:5,0
LF:4
LH:3
BRF:0
BRH:0
end_of_record
